<?xml version="1.0" encoding="UTF-8"?>
<robot generator="Robot 3.1 (Python 3.6.8 on win32)" generated="20220621 09:32:59.514" rpa="false">
<suite id="s1" name="Login" source="E:\Code\zhhb_api\testcases\login.robot">
<test id="s1-t1" name="login_ok">
<kw name="login" library="service">
<doc>登录环保管家测试环境大屏前台；
形参：用户名 密码；</doc>
<arguments>
<arg>${username}</arg>
<arg>${password}</arg>
</arguments>
<assign>
<var>${token}</var>
<var>${parkId}</var>
<var>${code}</var>
</assign>
<kw name="Create Session" library="RequestsLibrary">
<doc>Create Session: create a HTTP session to a server</doc>
<arguments>
<arg>loginReq</arg>
<arg>${zhpt_api_url}</arg>
</arguments>
<msg timestamp="20220621 09:33:02.073" level="INFO">Creating Session using : alias=loginReq, url=http://119.3.127.92:9999, headers={},                     cookies={}, auth=None, timeout=None, proxies=None, verify=False,                     debug=0 </msg>
<status status="PASS" starttime="20220621 09:33:02.073" endtime="20220621 09:33:02.074"></status>
</kw>
<kw name="Create Dictionary" library="BuiltIn">
<doc>Creates and returns a dictionary based on the given ``items``.</doc>
<arguments>
<arg>username=${username}</arg>
<arg>password=${password}</arg>
</arguments>
<assign>
<var>${jsons}</var>
</assign>
<msg timestamp="20220621 09:33:02.075" level="INFO">${jsons} = {'username': '宋词', 'password': 'Asdf12#$'}</msg>
<status status="PASS" starttime="20220621 09:33:02.074" endtime="20220621 09:33:02.075"></status>
</kw>
<kw name="Create Dictionary" library="BuiltIn">
<doc>Creates and returns a dictionary based on the given ``items``.</doc>
<arguments>
<arg>Content-Type=application/json</arg>
</arguments>
<assign>
<var>${headers}</var>
</assign>
<msg timestamp="20220621 09:33:02.075" level="INFO">${headers} = {'Content-Type': 'application/json'}</msg>
<status status="PASS" starttime="20220621 09:33:02.075" endtime="20220621 09:33:02.075"></status>
</kw>
<kw name="POST On Session" library="RequestsLibrary">
<doc>Sends a POST request on a previously created HTTP Session.</doc>
<arguments>
<arg>loginReq</arg>
<arg>/sys/mLogin/</arg>
<arg>json=${jsons}</arg>
<arg>headers=${headers}</arg>
</arguments>
<assign>
<var>${res}</var>
</assign>
<msg timestamp="20220621 09:33:02.155" level="INFO">POST Request : url=http://119.3.127.92:9999/sys/mLogin/ 
 path_url=/sys/mLogin/ 
 headers={'User-Agent': 'python-requests/2.27.1', 'Accept-Encoding': 'gzip, deflate', 'Accept': '*/*', 'Connection': 'keep-alive', 'Content-Type': 'application/json', 'Content-Length': '52'} 
 body=b'{"username": "\\u5b8b\\u8bcd", "password": "Asdf12#$"}' 
 </msg>
<msg timestamp="20220621 09:33:02.156" level="INFO">POST Response : url=http://119.3.127.92:9999/sys/mLogin/ 
 status=200, reason=OK 
 headers={'transfer-encoding': 'chunked', 'Vary': 'Origin, Access-Control-Request-Method, Access-Control-Request-Headers, accept-encoding', 'Content-Encoding': 'gzip', 'Content-Type': 'application/json', 'Date': 'Tue, 21 Jun 2022 01:33:01 GMT'} 
 body={"success":true,"message":"操作成功！","code":200,"result":{"userInfo":{"id":"1492082025049112577","username":"宋词","realname":"宋词","avatar":null,"enterprise":null,"birthday":null,"sex":null,"email":null,"phone":null,"orgCode":"A01A05","orgCodeTxt":"项目实施部","status":1,"delFlag":0,"workNo":null,"post":null,"telephone":null,"createBy":"admin","createTime":"2022-02-11 18:24:11","updateBy":"宋词","updateTime":"2022-06-21 09:29:43","activitiSync":1,"userIdentity":1,"departIds":"","relTenantIds":"","clientId":null,"empId":"1492073695975063554","empName":null,"deptId":null,"deptCode":null,"postIds":null,"userType":"internal","isSelectPark":true,"parkId":"1492090441201106945","parkName":"淮北相山经济开发区"},"token":"eyJ0eXAiOiJKV1QiLCJhbGciOiJIUzI1NiJ9.eyJleHAiOjE2NTU4NjE1ODEsInVzZXJuYW1lIjoi5a6L6K-NIn0.INQTadt2MsyNygcXLS5sH9XZIzSEUwHN-g-5ZFP-zhc"},"timestamp":1655775181144} 
 </msg>
<msg timestamp="20220621 09:33:02.156" level="INFO">${res} = &lt;Response [200]&gt;</msg>
<status status="PASS" starttime="20220621 09:33:02.075" endtime="20220621 09:33:02.156"></status>
</kw>
<kw name="Log" library="BuiltIn">
<doc>Logs the given message with the given level.</doc>
<arguments>
<arg>${res.json()}</arg>
</arguments>
<msg timestamp="20220621 09:33:02.158" level="INFO">{'success': True, 'message': '操作成功！', 'code': 200, 'result': {'userInfo': {'id': '1492082025049112577', 'username': '宋词', 'realname': '宋词', 'avatar': None, 'enterprise': None, 'birthday': None, 'sex': None, 'email': None, 'phone': None, 'orgCode': 'A01A05', 'orgCodeTxt': '项目实施部', 'status': 1, 'delFlag': 0, 'workNo': None, 'post': None, 'telephone': None, 'createBy': 'admin', 'createTime': '2022-02-11 18:24:11', 'updateBy': '宋词', 'updateTime': '2022-06-21 09:29:43', 'activitiSync': 1, 'userIdentity': 1, 'departIds': '', 'relTenantIds': '', 'clientId': None, 'empId': '1492073695975063554', 'empName': None, 'deptId': None, 'deptCode': None, 'postIds': None, 'userType': 'internal', 'isSelectPark': True, 'parkId': '1492090441201106945', 'parkName': '淮北相山经济开发区'}, 'token': 'eyJ0eXAiOiJKV1QiLCJhbGciOiJIUzI1NiJ9.eyJleHAiOjE2NTU4NjE1ODEsInVzZXJuYW1lIjoi5a6L6K-NIn0.INQTadt2MsyNygcXLS5sH9XZIzSEUwHN-g-5ZFP-zhc'}, 'timestamp': 1655775181144}</msg>
<status status="PASS" starttime="20220621 09:33:02.157" endtime="20220621 09:33:02.158"></status>
</kw>
<kw name="Get From Dictionary" library="Collections">
<doc>Returns a value from the given ``dictionary`` based on the given ``key``.</doc>
<arguments>
<arg>${res.json()}</arg>
<arg>result</arg>
</arguments>
<assign>
<var>${result}</var>
</assign>
<msg timestamp="20220621 09:33:02.158" level="INFO">${result} = {'userInfo': {'id': '1492082025049112577', 'username': '宋词', 'realname': '宋词', 'avatar': None, 'enterprise': None, 'birthday': None, 'sex': None, 'email': None, 'phone': None, 'orgCode': 'A01A05', 'or...</msg>
<status status="PASS" starttime="20220621 09:33:02.158" endtime="20220621 09:33:02.158"></status>
</kw>
<kw name="Get From Dictionary" library="Collections">
<doc>Returns a value from the given ``dictionary`` based on the given ``key``.</doc>
<arguments>
<arg>${result}</arg>
<arg>token</arg>
</arguments>
<assign>
<var>${token}</var>
</assign>
<msg timestamp="20220621 09:33:02.158" level="INFO">${token} = eyJ0eXAiOiJKV1QiLCJhbGciOiJIUzI1NiJ9.eyJleHAiOjE2NTU4NjE1ODEsInVzZXJuYW1lIjoi5a6L6K-NIn0.INQTadt2MsyNygcXLS5sH9XZIzSEUwHN-g-5ZFP-zhc</msg>
<status status="PASS" starttime="20220621 09:33:02.158" endtime="20220621 09:33:02.158"></status>
</kw>
<kw name="Log" library="BuiltIn">
<doc>Logs the given message with the given level.</doc>
<arguments>
<arg>${token}</arg>
</arguments>
<msg timestamp="20220621 09:33:02.159" level="INFO">eyJ0eXAiOiJKV1QiLCJhbGciOiJIUzI1NiJ9.eyJleHAiOjE2NTU4NjE1ODEsInVzZXJuYW1lIjoi5a6L6K-NIn0.INQTadt2MsyNygcXLS5sH9XZIzSEUwHN-g-5ZFP-zhc</msg>
<status status="PASS" starttime="20220621 09:33:02.158" endtime="20220621 09:33:02.159"></status>
</kw>
<kw name="Get From Dictionary" library="Collections">
<doc>Returns a value from the given ``dictionary`` based on the given ``key``.</doc>
<arguments>
<arg>${result}</arg>
<arg>userInfo</arg>
</arguments>
<assign>
<var>${userInfo}</var>
</assign>
<msg timestamp="20220621 09:33:02.159" level="INFO">${userInfo} = {'id': '1492082025049112577', 'username': '宋词', 'realname': '宋词', 'avatar': None, 'enterprise': None, 'birthday': None, 'sex': None, 'email': None, 'phone': None, 'orgCode': 'A01A05', 'orgCodeTxt': '项...</msg>
<status status="PASS" starttime="20220621 09:33:02.159" endtime="20220621 09:33:02.159"></status>
</kw>
<kw name="Get From Dictionary" library="Collections">
<doc>Returns a value from the given ``dictionary`` based on the given ``key``.</doc>
<arguments>
<arg>${userInfo}</arg>
<arg>parkId</arg>
</arguments>
<assign>
<var>${parkId}</var>
</assign>
<msg timestamp="20220621 09:33:02.159" level="INFO">${parkId} = 1492090441201106945</msg>
<status status="PASS" starttime="20220621 09:33:02.159" endtime="20220621 09:33:02.159"></status>
</kw>
<kw name="Log" library="BuiltIn">
<doc>Logs the given message with the given level.</doc>
<arguments>
<arg>${parkId}</arg>
</arguments>
<msg timestamp="20220621 09:33:02.159" level="INFO">1492090441201106945</msg>
<status status="PASS" starttime="20220621 09:33:02.159" endtime="20220621 09:33:02.159"></status>
</kw>
<kw name="Get From Dictionary" library="Collections">
<doc>Returns a value from the given ``dictionary`` based on the given ``key``.</doc>
<arguments>
<arg>${res.json()}</arg>
<arg>code</arg>
</arguments>
<assign>
<var>${code}</var>
</assign>
<msg timestamp="20220621 09:33:02.160" level="INFO">${code} = 200</msg>
<status status="PASS" starttime="20220621 09:33:02.159" endtime="20220621 09:33:02.160"></status>
</kw>
<kw name="Log" library="BuiltIn">
<doc>Logs the given message with the given level.</doc>
<arguments>
<arg>${code}</arg>
</arguments>
<msg timestamp="20220621 09:33:02.160" level="INFO">200</msg>
<status status="PASS" starttime="20220621 09:33:02.160" endtime="20220621 09:33:02.160"></status>
</kw>
<msg timestamp="20220621 09:33:02.160" level="INFO">${token} = eyJ0eXAiOiJKV1QiLCJhbGciOiJIUzI1NiJ9.eyJleHAiOjE2NTU4NjE1ODEsInVzZXJuYW1lIjoi5a6L6K-NIn0.INQTadt2MsyNygcXLS5sH9XZIzSEUwHN-g-5ZFP-zhc</msg>
<msg timestamp="20220621 09:33:02.160" level="INFO">${parkId} = 1492090441201106945</msg>
<msg timestamp="20220621 09:33:02.160" level="INFO">${code} = 200</msg>
<status status="PASS" starttime="20220621 09:33:02.073" endtime="20220621 09:33:02.160"></status>
</kw>
<kw name="Should Be Equal As Strings" library="BuiltIn">
<doc>Fails if objects are unequal after converting them to strings.</doc>
<arguments>
<arg>${code}</arg>
<arg>200</arg>
</arguments>
<msg timestamp="20220621 09:33:02.161" level="INFO">Argument types are:
&lt;class 'int'&gt;
&lt;type 'unicode'&gt;</msg>
<status status="PASS" starttime="20220621 09:33:02.161" endtime="20220621 09:33:02.161"></status>
</kw>
<status status="PASS" starttime="20220621 09:33:02.071" endtime="20220621 09:33:02.161" critical="yes"></status>
</test>
<status status="PASS" starttime="20220621 09:32:59.515" endtime="20220621 09:33:02.162"></status>
</suite>
<statistics>
<total>
<stat pass="1" fail="0">Critical Tests</stat>
<stat pass="1" fail="0">All Tests</stat>
</total>
<tag>
</tag>
<suite>
<stat pass="1" fail="0" id="s1" name="Login">Login</stat>
</suite>
</statistics>
<errors>
</errors>
</robot>
